<?xml version="1.0" encoding="UTF-8"?>
<coverage generated="1786432302781" clover="3.2.0">
  <project timestamp="1786432302781" name="All files">
    <metrics statements="124" coveredstatements="116" conditionals="77" coveredconditionals="66" methods="28" coveredmethods="27" elements="229" coveredelements="209" complexity="0" loc="124" ncloc="124" packages="3" files="6" classes="6"/>
    <package name="api">
      <metrics statements="17" coveredstatements="15" conditionals="20" coveredconditionals="17" methods="6" coveredmethods="5"/>
      <file name="client.ts" path="C:\proyectos\GO\fullstack-calculator\frontend\src\api\client.ts">
        <metrics statements="17" coveredstatements="15" conditionals="20" coveredconditionals="17" methods="6" coveredmethods="5"/>
        <line num="11" count="1" type="stmt"/>
        <line num="12" count="1" type="stmt"/>
        <line num="13" count="1" type="stmt"/>
        <line num="18" count="4" type="stmt"/>
        <line num="19" count="4" type="cond" truecount="3" falsecount="1"/>
        <line num="20" count="0" type="stmt"/>
        <line num="22" count="4" type="stmt"/>
        <line num="33" count="4" type="stmt"/>
        <line num="39" count="4" type="stmt"/>
        <line num="41" count="4" type="cond" truecount="2" falsecount="0"/>
        <line num="43" count="1" type="cond" truecount="3" falsecount="1"/>
        <line num="46" count="1" type="stmt"/>
        <line num="49" count="3" type="cond" truecount="1" falsecount="1"/>
        <line num="50" count="0" type="stmt"/>
        <line num="53" count="3" type="stmt"/>
        <line num="57" count="1" type="stmt"/>
        <line num="66" count="3" type="stmt"/>
      </file>
    </package>
    <package name="components">
      <metrics statements="63" coveredstatements="59" conditionals="34" coveredconditionals="28" methods="17" coveredmethods="17"/>
      <file name="Calculator.tsx" path="C:\proyectos\GO\fullstack-calculator\frontend\src\components\Calculator.tsx">
        <metrics statements="50" coveredstatements="46" conditionals="16" coveredconditionals="11" methods="9" coveredmethods="9"/>
        <line num="14" count="1" type="stmt"/>
        <line num="22" count="38" type="stmt"/>
        <line num="23" count="38" type="stmt"/>
        <line num="24" count="38" type="stmt"/>
        <line num="25" count="38" type="stmt"/>
        <line num="26" count="38" type="stmt"/>
        <line num="27" count="38" type="stmt"/>
        <line num="29" count="38" type="stmt"/>
        <line num="30" count="38" type="stmt"/>
        <line num="32" count="38" type="stmt"/>
        <line num="33" count="28" type="stmt"/>
        <line num="34" count="28" type="stmt"/>
        <line num="35" count="54" type="stmt"/>
        <line num="36" count="54" type="cond" truecount="2" falsecount="0"/>
        <line num="37" count="35" type="stmt"/>
        <line num="40" count="28" type="stmt"/>
        <line num="43" count="55" type="stmt"/>
        <line num="46" count="6" type="stmt"/>
        <line num="47" count="6" type="stmt"/>
        <line num="48" count="6" type="stmt"/>
        <line num="49" count="6" type="stmt"/>
        <line num="55" count="12" type="stmt"/>
        <line num="56" count="12" type="stmt"/>
        <line num="57" count="12" type="stmt"/>
        <line num="61" count="6" type="stmt"/>
        <line num="62" count="6" type="stmt"/>
        <line num="63" count="6" type="stmt"/>
        <line num="64" count="6" type="stmt"/>
        <line num="66" count="6" type="cond" truecount="2" falsecount="0"/>
        <line num="67" count="2" type="stmt"/>
        <line num="70" count="4" type="stmt"/>
        <line num="71" count="4" type="stmt"/>
        <line num="72" count="7" type="stmt"/>
        <line num="73" count="7" type="cond" truecount="1" falsecount="1"/>
        <line num="74" count="0" type="stmt"/>
        <line num="76" count="7" type="stmt"/>
        <line num="80" count="4" type="stmt"/>
        <line num="82" count="4" type="stmt"/>
        <line num="83" count="4" type="stmt"/>
        <line num="84" count="4" type="stmt"/>
        <line num="85" count="3" type="stmt"/>
        <line num="87" count="1" type="cond" truecount="1" falsecount="1"/>
        <line num="88" count="1" type="stmt"/>
        <line num="89" count="0" type="cond" truecount="0" falsecount="2"/>
        <line num="90" count="0" type="stmt"/>
        <line num="92" count="0" type="stmt"/>
        <line num="95" count="4" type="stmt"/>
        <line num="99" count="38" type="stmt"/>
        <line num="108" count="72" type="stmt"/>
        <line num="115" count="12" type="stmt"/>
      </file>
      <file name="OperandInput.tsx" path="C:\proyectos\GO\fullstack-calculator\frontend\src\components\OperandInput.tsx">
        <metrics statements="4" coveredstatements="4" conditionals="11" coveredconditionals="11" methods="3" coveredmethods="3"/>
        <line num="20" count="80" type="cond" truecount="2" falsecount="0"/>
        <line num="22" count="80" type="stmt"/>
        <line num="37" count="17" type="stmt"/>
        <line num="44" count="1" type="stmt"/>
      </file>
      <file name="OperationSelect.tsx" path="C:\proyectos\GO\fullstack-calculator\frontend\src\components\OperationSelect.tsx">
        <metrics statements="3" coveredstatements="3" conditionals="1" coveredconditionals="1" methods="3" coveredmethods="3"/>
        <line num="15" count="38" type="stmt"/>
        <line num="23" count="6" type="stmt"/>
        <line num="26" count="266" type="stmt"/>
      </file>
      <file name="ResultDisplay.tsx" path="C:\proyectos\GO\fullstack-calculator\frontend\src\components\ResultDisplay.tsx">
        <metrics statements="6" coveredstatements="6" conditionals="6" coveredconditionals="5" methods="2" coveredmethods="2"/>
        <line num="7" count="41" type="cond" truecount="2" falsecount="0"/>
        <line num="8" count="2" type="stmt"/>
        <line num="16" count="39" type="cond" truecount="2" falsecount="0"/>
        <line num="17" count="35" type="stmt"/>
        <line num="24" count="4" type="stmt"/>
        <line num="34" count="4" type="cond" truecount="1" falsecount="1"/>
      </file>
    </package>
    <package name="lib">
      <metrics statements="44" coveredstatements="42" conditionals="23" coveredconditionals="21" methods="5" coveredmethods="5"/>
      <file name="operations.ts" path="C:\proyectos\GO\fullstack-calculator\frontend\src\lib\operations.ts">
        <metrics statements="44" coveredstatements="42" conditionals="23" coveredconditionals="21" methods="5" coveredmethods="5"/>
        <line num="4" count="3" type="stmt"/>
        <line num="7" count="3" type="stmt"/>
        <line num="10" count="3" type="stmt"/>
        <line num="21" count="3" type="stmt"/>
        <line num="67" count="112" type="stmt"/>
        <line num="68" count="46" type="cond" truecount="1" falsecount="1"/>
        <line num="69" count="0" type="stmt"/>
        <line num="71" count="46" type="stmt"/>
        <line num="82" count="8" type="stmt"/>
        <line num="83" count="8" type="stmt"/>
        <line num="84" count="14" type="stmt"/>
        <line num="85" count="14" type="cond" truecount="2" falsecount="0"/>
        <line num="86" count="1" type="stmt"/>
        <line num="88" count="13" type="stmt"/>
        <line num="90" count="7" type="stmt"/>
        <line num="99" count="28" type="cond" truecount="2" falsecount="0"/>
        <line num="100" count="1" type="stmt"/>
        <line num="103" count="27" type="stmt"/>
        <line num="104" count="27" type="stmt"/>
        <line num="105" count="27" type="cond" truecount="2" falsecount="0"/>
        <line num="106" count="3" type="stmt"/>
        <line num="107" count="3" type="stmt"/>
        <line num="110" count="27" type="stmt"/>
        <line num="112" count="27" type="stmt"/>
        <line num="116" count="27" type="cond" truecount="2" falsecount="0"/>
        <line num="117" count="24" type="stmt"/>
        <line num="119" count="3" type="stmt"/>
        <line num="120" count="3" type="stmt"/>
        <line num="123" count="27" type="stmt"/>
        <line num="125" count="27" type="cond" truecount="2" falsecount="0"/>
        <line num="126" count="3" type="stmt"/>
        <line num="127" count="3" type="stmt"/>
        <line num="130" count="24" type="stmt"/>
        <line num="136" count="69" type="stmt"/>
        <line num="137" count="69" type="cond" truecount="2" falsecount="0"/>
        <line num="138" count="35" type="stmt"/>
        <line num="141" count="34" type="cond" truecount="5" falsecount="0"/>
        <line num="142" count="5" type="stmt"/>
        <line num="145" count="29" type="stmt"/>
        <line num="146" count="29" type="cond" truecount="1" falsecount="1"/>
        <line num="147" count="0" type="stmt"/>
        <line num="150" count="29" type="cond" truecount="2" falsecount="0"/>
        <line num="151" count="1" type="stmt"/>
        <line num="157" count="28" type="stmt"/>
      </file>
    </package>
  </project>
</coverage>
