{"C:\\proyectos\\GO\\fullstack-calculator\\frontend\\src\\api\\client.ts": {"path":"C:\\proyectos\\GO\\fullstack-calculator\\frontend\\src\\api\\client.ts","statementMap":{"0":{"start":{"line":11,"column":4},"end":{"line":11,"column":null}},"1":{"start":{"line":12,"column":4},"end":{"line":12,"column":null}},"2":{"start":{"line":13,"column":4},"end":{"line":13,"column":null}},"3":{"start":{"line":18,"column":15},"end":{"line":18,"column":null}},"4":{"start":{"line":19,"column":2},"end":{"line":21,"column":null}},"5":{"start":{"line":20,"column":4},"end":{"line":20,"column":null}},"6":{"start":{"line":22,"column":2},"end":{"line":22,"column":null}},"7":{"start":{"line":33,"column":19},"end":{"line":37,"column":null}},"8":{"start":{"line":39,"column":27},"end":{"line":39,"column":null}},"9":{"start":{"line":39,"column":61},"end":{"line":39,"column":65}},"10":{"start":{"line":41,"column":2},"end":{"line":47,"column":null}},"11":{"start":{"line":43,"column":6},"end":{"line":45,"column":null}},"12":{"start":{"line":46,"column":4},"end":{"line":46,"column":null}},"13":{"start":{"line":49,"column":2},"end":{"line":51,"column":null}},"14":{"start":{"line":50,"column":4},"end":{"line":50,"column":null}},"15":{"start":{"line":53,"column":2},"end":{"line":53,"column":null}},"16":{"start":{"line":57,"column":2},"end":{"line":61,"column":null}},"17":{"start":{"line":66,"column":2},"end":{"line":70,"column":null}}},"fnMap":{"0":{"name":"constructor","decl":{"start":{"line":10,"column":2},"end":{"line":10,"column":14}},"loc":{"start":{"line":10,"column":47},"end":{"line":14,"column":null}},"line":10},"1":{"name":"apiBaseUrl","decl":{"start":{"line":17,"column":9},"end":{"line":17,"column":30}},"loc":{"start":{"line":17,"column":30},"end":{"line":23,"column":null}},"line":17},"2":{"name":"calculate","decl":{"start":{"line":29,"column":22},"end":{"line":29,"column":null}},"loc":{"start":{"line":32,"column":19},"end":{"line":54,"column":null}},"line":32},"3":{"name":"(anonymous_3)","decl":{"start":{"line":39,"column":49},"end":{"line":39,"column":61}},"loc":{"start":{"line":39,"column":61},"end":{"line":39,"column":65}},"line":39},"4":{"name":"isErrorResponse","decl":{"start":{"line":56,"column":9},"end":{"line":56,"column":25}},"loc":{"start":{"line":56,"column":65},"end":{"line":63,"column":null}},"line":56},"5":{"name":"isResultResponse","decl":{"start":{"line":65,"column":9},"end":{"line":65,"column":26}},"loc":{"start":{"line":65,"column":67},"end":{"line":72,"column":null}},"line":65}},"branchMap":{"0":{"loc":{"start":{"line":19,"column":2},"end":{"line":21,"column":null}},"type":"if","locations":[{"start":{"line":19,"column":2},"end":{"line":21,"column":null}},{"start":{},"end":{}}],"line":19},"1":{"loc":{"start":{"line":19,"column":6},"end":{"line":19,"column":54}},"type":"binary-expr","locations":[{"start":{"line":19,"column":6},"end":{"line":19,"column":34}},{"start":{"line":19,"column":34},"end":{"line":19,"column":54}}],"line":19},"2":{"loc":{"start":{"line":41,"column":2},"end":{"line":47,"column":null}},"type":"if","locations":[{"start":{"line":41,"column":2},"end":{"line":47,"column":null}},{"start":{},"end":{}}],"line":41},"3":{"loc":{"start":{"line":43,"column":6},"end":{"line":45,"column":null}},"type":"cond-expr","locations":[{"start":{"line":44,"column":10},"end":{"line":44,"column":null}},{"start":{"line":45,"column":10},"end":{"line":45,"column":null}}],"line":43},"4":{"loc":{"start":{"line":43,"column":6},"end":{"line":43,"column":null}},"type":"binary-expr","locations":[{"start":{"line":43,"column":6},"end":{"line":43,"column":34}},{"start":{"line":43,"column":34},"end":{"line":43,"column":null}}],"line":43},"5":{"loc":{"start":{"line":49,"column":2},"end":{"line":51,"column":null}},"type":"if","locations":[{"start":{"line":49,"column":2},"end":{"line":51,"column":null}},{"start":{},"end":{}}],"line":49},"6":{"loc":{"start":{"line":58,"column":4},"end":{"line":61,"column":null}},"type":"binary-expr","locations":[{"start":{"line":58,"column":4},"end":{"line":58,"column":null}},{"start":{"line":59,"column":4},"end":{"line":59,"column":null}},{"start":{"line":60,"column":4},"end":{"line":60,"column":null}},{"start":{"line":61,"column":4},"end":{"line":61,"column":null}}],"line":58},"7":{"loc":{"start":{"line":67,"column":4},"end":{"line":70,"column":null}},"type":"binary-expr","locations":[{"start":{"line":67,"column":4},"end":{"line":67,"column":null}},{"start":{"line":68,"column":4},"end":{"line":68,"column":null}},{"start":{"line":69,"column":4},"end":{"line":69,"column":null}},{"start":{"line":70,"column":4},"end":{"line":70,"column":null}}],"line":67}},"s":{"0":1,"1":1,"2":1,"3":4,"4":4,"5":0,"6":4,"7":4,"8":4,"9":0,"10":4,"11":1,"12":1,"13":3,"14":0,"15":3,"16":1,"17":3},"f":{"0":1,"1":4,"2":4,"3":0,"4":1,"5":3},"b":{"0":[0,4],"1":[4,4],"2":[1,3],"3":[1,0],"4":[1,1],"5":[0,3],"6":[1,1,1,1],"7":[3,3,3,3]},"meta":{"lastBranch":8,"lastFunction":6,"lastStatement":18,"seen":{"f:10:2:10:14":0,"s:11:4:11:Infinity":0,"s:12:4:12:Infinity":1,"s:13:4:13:Infinity":2,"f:17:9:17:30":1,"s:18:15:18:Infinity":3,"b:19:2:21:Infinity:undefined:undefined:undefined:undefined":0,"s:19:2:21:Infinity":4,"b:19:6:19:34:19:34:19:54":1,"s:20:4:20:Infinity":5,"s:22:2:22:Infinity":6,"f:29:22:29:Infinity":2,"s:33:19:37:Infinity":7,"s:39:27:39:Infinity":8,"f:39:49:39:61":3,"s:39:61:39:65":9,"b:41:2:47:Infinity:undefined:undefined:undefined:undefined":2,"s:41:2:47:Infinity":10,"s:43:6:45:Infinity":11,"b:44:10:44:Infinity:45:10:45:Infinity":3,"b:43:6:43:34:43:34:43:Infinity":4,"s:46:4:46:Infinity":12,"b:49:2:51:Infinity:undefined:undefined:undefined:undefined":5,"s:49:2:51:Infinity":13,"s:50:4:50:Infinity":14,"s:53:2:53:Infinity":15,"f:56:9:56:25":4,"s:57:2:61:Infinity":16,"b:58:4:58:Infinity:59:4:59:Infinity:60:4:60:Infinity:61:4:61:Infinity":6,"f:65:9:65:26":5,"s:66:2:70:Infinity":17,"b:67:4:67:Infinity:68:4:68:Infinity:69:4:69:Infinity:70:4:70:Infinity":7},"fnNames":{}}}
,"C:\\proyectos\\GO\\fullstack-calculator\\frontend\\src\\components\\Calculator.tsx": {"path":"C:\\proyectos\\GO\\fullstack-calculator\\frontend\\src\\components\\Calculator.tsx","statementMap":{"0":{"start":{"line":14,"column":47},"end":{"line":19,"column":null}},"1":{"start":{"line":22,"column":36},"end":{"line":22,"column":null}},"2":{"start":{"line":23,"column":30},"end":{"line":23,"column":null}},"3":{"start":{"line":24,"column":30},"end":{"line":24,"column":null}},"4":{"start":{"line":25,"column":34},"end":{"line":25,"column":null}},"5":{"start":{"line":26,"column":36},"end":{"line":26,"column":null}},"6":{"start":{"line":27,"column":32},"end":{"line":27,"column":null}},"7":{"start":{"line":29,"column":24},"end":{"line":29,"column":null}},"8":{"start":{"line":30,"column":17},"end":{"line":30,"column":null}},"9":{"start":{"line":32,"column":22},"end":{"line":41,"column":null}},"10":{"start":{"line":33,"column":54},"end":{"line":33,"column":null}},"11":{"start":{"line":34,"column":4},"end":{"line":39,"column":null}},"12":{"start":{"line":35,"column":21},"end":{"line":35,"column":null}},"13":{"start":{"line":36,"column":6},"end":{"line":38,"column":null}},"14":{"start":{"line":37,"column":8},"end":{"line":37,"column":null}},"15":{"start":{"line":40,"column":4},"end":{"line":40,"column":null}},"16":{"start":{"line":43,"column":25},"end":{"line":43,"column":null}},"17":{"start":{"line":43,"column":48},"end":{"line":43,"column":66}},"18":{"start":{"line":46,"column":4},"end":{"line":46,"column":null}},"19":{"start":{"line":47,"column":4},"end":{"line":47,"column":null}},"20":{"start":{"line":48,"column":4},"end":{"line":48,"column":null}},"21":{"start":{"line":49,"column":4},"end":{"line":49,"column":null}},"22":{"start":{"line":55,"column":4},"end":{"line":55,"column":null}},"23":{"start":{"line":55,"column":28},"end":{"line":55,"column":59}},"24":{"start":{"line":56,"column":4},"end":{"line":56,"column":null}},"25":{"start":{"line":57,"column":4},"end":{"line":57,"column":null}},"26":{"start":{"line":61,"column":4},"end":{"line":61,"column":null}},"27":{"start":{"line":62,"column":4},"end":{"line":62,"column":null}},"28":{"start":{"line":63,"column":4},"end":{"line":63,"column":null}},"29":{"start":{"line":64,"column":4},"end":{"line":64,"column":null}},"30":{"start":{"line":66,"column":4},"end":{"line":68,"column":null}},"31":{"start":{"line":67,"column":6},"end":{"line":67,"column":null}},"32":{"start":{"line":70,"column":60},"end":{"line":70,"column":null}},"33":{"start":{"line":71,"column":4},"end":{"line":77,"column":null}},"34":{"start":{"line":72,"column":21},"end":{"line":72,"column":null}},"35":{"start":{"line":73,"column":6},"end":{"line":75,"column":null}},"36":{"start":{"line":74,"column":8},"end":{"line":74,"column":null}},"37":{"start":{"line":76,"column":6},"end":{"line":76,"column":null}},"38":{"start":{"line":80,"column":17},"end":{"line":80,"column":null}},"39":{"start":{"line":82,"column":4},"end":{"line":82,"column":null}},"40":{"start":{"line":83,"column":4},"end":{"line":96,"column":null}},"41":{"start":{"line":84,"column":25},"end":{"line":84,"column":null}},"42":{"start":{"line":85,"column":6},"end":{"line":85,"column":null}},"43":{"start":{"line":87,"column":6},"end":{"line":93,"column":null}},"44":{"start":{"line":88,"column":8},"end":{"line":88,"column":null}},"45":{"start":{"line":89,"column":13},"end":{"line":93,"column":null}},"46":{"start":{"line":90,"column":8},"end":{"line":90,"column":null}},"47":{"start":{"line":92,"column":8},"end":{"line":92,"column":null}},"48":{"start":{"line":95,"column":6},"end":{"line":95,"column":null}},"49":{"start":{"line":99,"column":2},"end":{"line":124,"column":null}},"50":{"start":{"line":108,"column":8},"end":{"line":116,"column":null}},"51":{"start":{"line":115,"column":31},"end":{"line":115,"column":null}}},"fnMap":{"0":{"name":"Calculator","decl":{"start":{"line":21,"column":16},"end":{"line":21,"column":29}},"loc":{"start":{"line":21,"column":29},"end":{"line":126,"column":null}},"line":21},"1":{"name":"(anonymous_1)","decl":{"start":{"line":32,"column":22},"end":{"line":32,"column":36}},"loc":{"start":{"line":32,"column":36},"end":{"line":41,"column":5}},"line":32},"2":{"name":"(anonymous_2)","decl":{"start":{"line":43,"column":32},"end":{"line":43,"column":38}},"loc":{"start":{"line":43,"column":48},"end":{"line":43,"column":66}},"line":43},"3":{"name":"handleOperationChange","decl":{"start":{"line":45,"column":11},"end":{"line":45,"column":33}},"loc":{"start":{"line":45,"column":50},"end":{"line":52,"column":null}},"line":45},"4":{"name":"handleFieldChange","decl":{"start":{"line":54,"column":11},"end":{"line":54,"column":29}},"loc":{"start":{"line":54,"column":61},"end":{"line":58,"column":null}},"line":54},"5":{"name":"(anonymous_5)","decl":{"start":{"line":55,"column":4},"end":{"line":55,"column":15}},"loc":{"start":{"line":55,"column":28},"end":{"line":55,"column":59}},"line":55},"6":{"name":"handleSubmit","decl":{"start":{"line":60,"column":17},"end":{"line":60,"column":30}},"loc":{"start":{"line":60,"column":65},"end":{"line":97,"column":null}},"line":60},"7":{"name":"(anonymous_7)","decl":{"start":{"line":107,"column":14},"end":{"line":107,"column":19}},"loc":{"start":{"line":108,"column":8},"end":{"line":116,"column":null}},"line":108},"8":{"name":"(anonymous_8)","decl":{"start":{"line":115,"column":10},"end":{"line":115,"column":21}},"loc":{"start":{"line":115,"column":31},"end":{"line":115,"column":null}},"line":115}},"branchMap":{"0":{"loc":{"start":{"line":36,"column":6},"end":{"line":38,"column":null}},"type":"if","locations":[{"start":{"line":36,"column":6},"end":{"line":38,"column":null}},{"start":{},"end":{}}],"line":36},"1":{"loc":{"start":{"line":66,"column":4},"end":{"line":68,"column":null}},"type":"if","locations":[{"start":{"line":66,"column":4},"end":{"line":68,"column":null}},{"start":{},"end":{}}],"line":66},"2":{"loc":{"start":{"line":73,"column":6},"end":{"line":75,"column":null}},"type":"if","locations":[{"start":{"line":73,"column":6},"end":{"line":75,"column":null}},{"start":{},"end":{}}],"line":73},"3":{"loc":{"start":{"line":87,"column":6},"end":{"line":93,"column":null}},"type":"if","locations":[{"start":{"line":87,"column":6},"end":{"line":93,"column":null}},{"start":{"line":89,"column":13},"end":{"line":93,"column":null}}],"line":87},"4":{"loc":{"start":{"line":89,"column":13},"end":{"line":93,"column":null}},"type":"if","locations":[{"start":{"line":89,"column":13},"end":{"line":93,"column":null}},{"start":{"line":91,"column":13},"end":{"line":93,"column":null}}],"line":89},"5":{"loc":{"start":{"line":111,"column":17},"end":{"line":111,"column":null}},"type":"binary-expr","locations":[{"start":{"line":111,"column":17},"end":{"line":111,"column":53}},{"start":{"line":111,"column":53},"end":{"line":111,"column":null}}],"line":111},"6":{"loc":{"start":{"line":114,"column":17},"end":{"line":114,"column":null}},"type":"cond-expr","locations":[{"start":{"line":114,"column":29},"end":{"line":114,"column":50}},{"start":{"line":114,"column":50},"end":{"line":114,"column":null}}],"line":114},"7":{"loc":{"start":{"line":120,"column":9},"end":{"line":120,"column":null}},"type":"cond-expr","locations":[{"start":{"line":120,"column":19},"end":{"line":120,"column":36}},{"start":{"line":120,"column":36},"end":{"line":120,"column":null}}],"line":120}},"s":{"0":1,"1":38,"2":38,"3":38,"4":38,"5":38,"6":38,"7":38,"8":38,"9":38,"10":28,"11":28,"12":54,"13":54,"14":35,"15":28,"16":38,"17":55,"18":6,"19":6,"20":6,"21":6,"22":12,"23":12,"24":12,"25":12,"26":6,"27":6,"28":6,"29":6,"30":6,"31":2,"32":4,"33":4,"34":7,"35":7,"36":0,"37":7,"38":4,"39":4,"40":4,"41":4,"42":3,"43":1,"44":1,"45":0,"46":0,"47":0,"48":4,"49":38,"50":72,"51":12},"f":{"0":38,"1":28,"2":55,"3":6,"4":12,"5":12,"6":6,"7":72,"8":12},"b":{"0":[35,19],"1":[2,4],"2":[0,7],"3":[1,0],"4":[0,0],"5":[72,0],"6":[18,54],"7":[4,34]},"meta":{"lastBranch":8,"lastFunction":9,"lastStatement":52,"seen":{"s:14:47:19:Infinity":0,"f:21:16:21:29":0,"s:22:36:22:Infinity":1,"s:23:30:23:Infinity":2,"s:24:30:24:Infinity":3,"s:25:34:25:Infinity":4,"s:26:36:26:Infinity":5,"s:27:32:27:Infinity":6,"s:29:24:29:Infinity":7,"s:30:17:30:Infinity":8,"s:32:22:41:Infinity":9,"f:32:22:32:36":1,"s:33:54:33:Infinity":10,"s:34:4:39:Infinity":11,"s:35:21:35:Infinity":12,"b:36:6:38:Infinity:undefined:undefined:undefined:undefined":0,"s:36:6:38:Infinity":13,"s:37:8:37:Infinity":14,"s:40:4:40:Infinity":15,"s:43:25:43:Infinity":16,"f:43:32:43:38":2,"s:43:48:43:66":17,"f:45:11:45:33":3,"s:46:4:46:Infinity":18,"s:47:4:47:Infinity":19,"s:48:4:48:Infinity":20,"s:49:4:49:Infinity":21,"f:54:11:54:29":4,"s:55:4:55:Infinity":22,"f:55:4:55:15":5,"s:55:28:55:59":23,"s:56:4:56:Infinity":24,"s:57:4:57:Infinity":25,"f:60:17:60:30":6,"s:61:4:61:Infinity":26,"s:62:4:62:Infinity":27,"s:63:4:63:Infinity":28,"s:64:4:64:Infinity":29,"b:66:4:68:Infinity:undefined:undefined:undefined:undefined":1,"s:66:4:68:Infinity":30,"s:67:6:67:Infinity":31,"s:70:60:70:Infinity":32,"s:71:4:77:Infinity":33,"s:72:21:72:Infinity":34,"b:73:6:75:Infinity:undefined:undefined:undefined:undefined":2,"s:73:6:75:Infinity":35,"s:74:8:74:Infinity":36,"s:76:6:76:Infinity":37,"s:80:17:80:Infinity":38,"s:82:4:82:Infinity":39,"s:83:4:96:Infinity":40,"s:84:25:84:Infinity":41,"s:85:6:85:Infinity":42,"b:87:6:93:Infinity:89:13:93:Infinity":3,"s:87:6:93:Infinity":43,"s:88:8:88:Infinity":44,"b:89:13:93:Infinity:91:13:93:Infinity":4,"s:89:13:93:Infinity":45,"s:90:8:90:Infinity":46,"s:92:8:92:Infinity":47,"s:95:6:95:Infinity":48,"s:99:2:124:Infinity":49,"f:107:14:107:19":7,"s:108:8:116:Infinity":50,"b:111:17:111:53:111:53:111:Infinity":5,"b:114:29:114:50:114:50:114:Infinity":6,"f:115:10:115:21":8,"s:115:31:115:Infinity":51,"b:120:19:120:36:120:36:120:Infinity":7},"fnNames":{}}}
,"C:\\proyectos\\GO\\fullstack-calculator\\frontend\\src\\components\\OperandInput.tsx": {"path":"C:\\proyectos\\GO\\fullstack-calculator\\frontend\\src\\components\\OperandInput.tsx","statementMap":{"0":{"start":{"line":20,"column":20},"end":{"line":20,"column":null}},"1":{"start":{"line":22,"column":2},"end":{"line":55,"column":null}},"2":{"start":{"line":37,"column":31},"end":{"line":37,"column":null}},"3":{"start":{"line":44,"column":27},"end":{"line":44,"column":null}}},"fnMap":{"0":{"name":"OperandInput","decl":{"start":{"line":12,"column":16},"end":{"line":12,"column":29}},"loc":{"start":{"line":19,"column":22},"end":{"line":57,"column":null}},"line":19},"1":{"name":"(anonymous_1)","decl":{"start":{"line":37,"column":10},"end":{"line":37,"column":21}},"loc":{"start":{"line":37,"column":31},"end":{"line":37,"column":null}},"line":37},"2":{"name":"(anonymous_2)","decl":{"start":{"line":44,"column":12},"end":{"line":44,"column":27}},"loc":{"start":{"line":44,"column":27},"end":{"line":44,"column":null}},"line":44}},"branchMap":{"0":{"loc":{"start":{"line":17,"column":2},"end":{"line":17,"column":null}},"type":"default-arg","locations":[{"start":{"line":17,"column":13},"end":{"line":17,"column":null}}],"line":17},"1":{"loc":{"start":{"line":20,"column":20},"end":{"line":20,"column":null}},"type":"binary-expr","locations":[{"start":{"line":20,"column":20},"end":{"line":20,"column":36}},{"start":{"line":20,"column":36},"end":{"line":20,"column":null}}],"line":20},"2":{"loc":{"start":{"line":35,"column":24},"end":{"line":35,"column":null}},"type":"cond-expr","locations":[{"start":{"line":35,"column":32},"end":{"line":35,"column":39}},{"start":{"line":35,"column":39},"end":{"line":35,"column":null}}],"line":35},"3":{"loc":{"start":{"line":36,"column":28},"end":{"line":36,"column":null}},"type":"cond-expr","locations":[{"start":{"line":36,"column":36},"end":{"line":36,"column":52}},{"start":{"line":36,"column":52},"end":{"line":36,"column":null}}],"line":36},"4":{"loc":{"start":{"line":39,"column":9},"end":{"line":48,"column":null}},"type":"cond-expr","locations":[{"start":{"line":40,"column":10},"end":{"line":48,"column":null}},{"start":{"line":48,"column":12},"end":{"line":48,"column":null}}],"line":39},"5":{"loc":{"start":{"line":50,"column":7},"end":{"line":54,"column":null}},"type":"cond-expr","locations":[{"start":{"line":51,"column":8},"end":{"line":54,"column":null}},{"start":{"line":54,"column":10},"end":{"line":54,"column":null}}],"line":50}},"s":{"0":80,"1":80,"2":17,"3":1},"f":{"0":80,"1":17,"2":1},"b":{"0":[80],"1":[80,41],"2":[4,76],"3":[4,76],"4":[34,46],"5":[4,76]},"meta":{"lastBranch":6,"lastFunction":3,"lastStatement":4,"seen":{"f:12:16:12:29":0,"b:17:13:17:Infinity":0,"s:20:20:20:Infinity":0,"b:20:20:20:36:20:36:20:Infinity":1,"s:22:2:55:Infinity":1,"b:35:32:35:39:35:39:35:Infinity":2,"b:36:36:36:52:36:52:36:Infinity":3,"f:37:10:37:21":1,"s:37:31:37:Infinity":2,"b:40:10:48:Infinity:48:12:48:Infinity":4,"f:44:12:44:27":2,"s:44:27:44:Infinity":3,"b:51:8:54:Infinity:54:10:54:Infinity":5},"fnNames":{}}}
,"C:\\proyectos\\GO\\fullstack-calculator\\frontend\\src\\components\\OperationSelect.tsx": {"path":"C:\\proyectos\\GO\\fullstack-calculator\\frontend\\src\\components\\OperationSelect.tsx","statementMap":{"0":{"start":{"line":15,"column":2},"end":{"line":31,"column":null}},"1":{"start":{"line":23,"column":29},"end":{"line":23,"column":null}},"2":{"start":{"line":26,"column":10},"end":{"line":28,"column":null}}},"fnMap":{"0":{"name":"OperationSelect","decl":{"start":{"line":10,"column":16},"end":{"line":10,"column":32}},"loc":{"start":{"line":14,"column":25},"end":{"line":33,"column":null}},"line":14},"1":{"name":"(anonymous_1)","decl":{"start":{"line":23,"column":8},"end":{"line":23,"column":19}},"loc":{"start":{"line":23,"column":29},"end":{"line":23,"column":null}},"line":23},"2":{"name":"(anonymous_2)","decl":{"start":{"line":25,"column":20},"end":{"line":25,"column":25}},"loc":{"start":{"line":26,"column":10},"end":{"line":28,"column":null}},"line":26}},"branchMap":{"0":{"loc":{"start":{"line":12,"column":2},"end":{"line":12,"column":null}},"type":"default-arg","locations":[{"start":{"line":12,"column":13},"end":{"line":12,"column":null}}],"line":12}},"s":{"0":38,"1":6,"2":266},"f":{"0":38,"1":6,"2":266},"b":{"0":[38]},"meta":{"lastBranch":1,"lastFunction":3,"lastStatement":3,"seen":{"f:10:16:10:32":0,"b:12:13:12:Infinity":0,"s:15:2:31:Infinity":0,"f:23:8:23:19":1,"s:23:29:23:Infinity":1,"f:25:20:25:25":2,"s:26:10:28:Infinity":2},"fnNames":{}}}
,"C:\\proyectos\\GO\\fullstack-calculator\\frontend\\src\\components\\ResultDisplay.tsx": {"path":"C:\\proyectos\\GO\\fullstack-calculator\\frontend\\src\\components\\ResultDisplay.tsx","statementMap":{"0":{"start":{"line":7,"column":2},"end":{"line":14,"column":null}},"1":{"start":{"line":8,"column":4},"end":{"line":12,"column":null}},"2":{"start":{"line":16,"column":2},"end":{"line":22,"column":null}},"3":{"start":{"line":17,"column":4},"end":{"line":20,"column":null}},"4":{"start":{"line":24,"column":2},"end":{"line":28,"column":null}},"5":{"start":{"line":34,"column":2},"end":{"line":34,"column":null}}},"fnMap":{"0":{"name":"ResultDisplay","decl":{"start":{"line":6,"column":16},"end":{"line":6,"column":30}},"loc":{"start":{"line":6,"column":69},"end":{"line":30,"column":null}},"line":6},"1":{"name":"formatResult","decl":{"start":{"line":32,"column":9},"end":{"line":32,"column":22}},"loc":{"start":{"line":32,"column":45},"end":{"line":35,"column":null}},"line":32}},"branchMap":{"0":{"loc":{"start":{"line":7,"column":2},"end":{"line":14,"column":null}},"type":"if","locations":[{"start":{"line":7,"column":2},"end":{"line":14,"column":null}},{"start":{},"end":{}}],"line":7},"1":{"loc":{"start":{"line":16,"column":2},"end":{"line":22,"column":null}},"type":"if","locations":[{"start":{"line":16,"column":2},"end":{"line":22,"column":null}},{"start":{},"end":{}}],"line":16},"2":{"loc":{"start":{"line":34,"column":9},"end":{"line":34,"column":null}},"type":"cond-expr","locations":[{"start":{"line":34,"column":35},"end":{"line":34,"column":51}},{"start":{"line":34,"column":51},"end":{"line":34,"column":null}}],"line":34}},"s":{"0":41,"1":2,"2":39,"3":35,"4":4,"5":4},"f":{"0":41,"1":4},"b":{"0":[2,39],"1":[35,4],"2":[4,0]},"meta":{"lastBranch":3,"lastFunction":2,"lastStatement":6,"seen":{"f:6:16:6:30":0,"b:7:2:14:Infinity:undefined:undefined:undefined:undefined":0,"s:7:2:14:Infinity":0,"s:8:4:12:Infinity":1,"b:16:2:22:Infinity:undefined:undefined:undefined:undefined":1,"s:16:2:22:Infinity":2,"s:17:4:20:Infinity":3,"s:24:2:28:Infinity":4,"f:32:9:32:22":1,"s:34:2:34:Infinity":5,"b:34:35:34:51:34:51:34:Infinity":2},"fnNames":{}}}
,"C:\\proyectos\\GO\\fullstack-calculator\\frontend\\src\\lib\\operations.ts": {"path":"C:\\proyectos\\GO\\fullstack-calculator\\frontend\\src\\lib\\operations.ts","statementMap":{"0":{"start":{"line":4,"column":27},"end":{"line":4,"column":null}},"1":{"start":{"line":7,"column":34},"end":{"line":7,"column":null}},"2":{"start":{"line":10,"column":35},"end":{"line":10,"column":null}},"3":{"start":{"line":21,"column":52},"end":{"line":64,"column":null}},"4":{"start":{"line":67,"column":16},"end":{"line":67,"column":null}},"5":{"start":{"line":67,"column":40},"end":{"line":67,"column":62}},"6":{"start":{"line":68,"column":2},"end":{"line":70,"column":null}},"7":{"start":{"line":69,"column":4},"end":{"line":69,"column":null}},"8":{"start":{"line":71,"column":2},"end":{"line":71,"column":null}},"9":{"start":{"line":82,"column":39},"end":{"line":82,"column":null}},"10":{"start":{"line":83,"column":2},"end":{"line":89,"column":null}},"11":{"start":{"line":84,"column":18},"end":{"line":84,"column":null}},"12":{"start":{"line":85,"column":4},"end":{"line":87,"column":null}},"13":{"start":{"line":86,"column":6},"end":{"line":86,"column":null}},"14":{"start":{"line":88,"column":4},"end":{"line":88,"column":null}},"15":{"start":{"line":90,"column":2},"end":{"line":90,"column":null}},"16":{"start":{"line":99,"column":2},"end":{"line":101,"column":null}},"17":{"start":{"line":100,"column":4},"end":{"line":100,"column":null}},"18":{"start":{"line":103,"column":13},"end":{"line":103,"column":null}},"19":{"start":{"line":104,"column":13},"end":{"line":104,"column":null}},"20":{"start":{"line":105,"column":2},"end":{"line":108,"column":null}},"21":{"start":{"line":106,"column":4},"end":{"line":106,"column":null}},"22":{"start":{"line":107,"column":4},"end":{"line":107,"column":null}},"23":{"start":{"line":110,"column":2},"end":{"line":110,"column":null}},"24":{"start":{"line":112,"column":19},"end":{"line":112,"column":null}},"25":{"start":{"line":116,"column":2},"end":{"line":121,"column":null}},"26":{"start":{"line":117,"column":4},"end":{"line":117,"column":null}},"27":{"start":{"line":119,"column":4},"end":{"line":119,"column":null}},"28":{"start":{"line":120,"column":4},"end":{"line":120,"column":null}},"29":{"start":{"line":123,"column":2},"end":{"line":123,"column":null}},"30":{"start":{"line":125,"column":2},"end":{"line":128,"column":null}},"31":{"start":{"line":126,"column":4},"end":{"line":126,"column":null}},"32":{"start":{"line":127,"column":4},"end":{"line":127,"column":null}},"33":{"start":{"line":130,"column":2},"end":{"line":130,"column":null}},"34":{"start":{"line":136,"column":18},"end":{"line":136,"column":null}},"35":{"start":{"line":137,"column":2},"end":{"line":139,"column":null}},"36":{"start":{"line":138,"column":4},"end":{"line":138,"column":null}},"37":{"start":{"line":141,"column":2},"end":{"line":143,"column":null}},"38":{"start":{"line":142,"column":4},"end":{"line":142,"column":null}},"39":{"start":{"line":145,"column":16},"end":{"line":145,"column":null}},"40":{"start":{"line":146,"column":2},"end":{"line":148,"column":null}},"41":{"start":{"line":147,"column":4},"end":{"line":147,"column":null}},"42":{"start":{"line":150,"column":2},"end":{"line":155,"column":null}},"43":{"start":{"line":151,"column":4},"end":{"line":154,"column":null}},"44":{"start":{"line":157,"column":2},"end":{"line":157,"column":null}}},"fnMap":{"0":{"name":"metaFor","decl":{"start":{"line":66,"column":16},"end":{"line":66,"column":24}},"loc":{"start":{"line":66,"column":61},"end":{"line":72,"column":null}},"line":66},"1":{"name":"(anonymous_1)","decl":{"start":{"line":67,"column":27},"end":{"line":67,"column":33}},"loc":{"start":{"line":67,"column":40},"end":{"line":67,"column":62}},"line":67},"2":{"name":"buildRequestBody","decl":{"start":{"line":78,"column":16},"end":{"line":78,"column":null}},"loc":{"start":{"line":81,"column":26},"end":{"line":91,"column":null}},"line":81},"3":{"name":"sanitizeOperandInput","decl":{"start":{"line":98,"column":16},"end":{"line":98,"column":37}},"loc":{"start":{"line":98,"column":58},"end":{"line":131,"column":null}},"line":98},"4":{"name":"parseOperand","decl":{"start":{"line":133,"column":16},"end":{"line":133,"column":null}},"loc":{"start":{"line":135,"column":62},"end":{"line":158,"column":null}},"line":135}},"branchMap":{"0":{"loc":{"start":{"line":68,"column":2},"end":{"line":70,"column":null}},"type":"if","locations":[{"start":{"line":68,"column":2},"end":{"line":70,"column":null}},{"start":{},"end":{}}],"line":68},"1":{"loc":{"start":{"line":85,"column":4},"end":{"line":87,"column":null}},"type":"if","locations":[{"start":{"line":85,"column":4},"end":{"line":87,"column":null}},{"start":{},"end":{}}],"line":85},"2":{"loc":{"start":{"line":99,"column":2},"end":{"line":101,"column":null}},"type":"if","locations":[{"start":{"line":99,"column":2},"end":{"line":101,"column":null}},{"start":{},"end":{}}],"line":99},"3":{"loc":{"start":{"line":105,"column":2},"end":{"line":108,"column":null}},"type":"if","locations":[{"start":{"line":105,"column":2},"end":{"line":108,"column":null}},{"start":{},"end":{}}],"line":105},"4":{"loc":{"start":{"line":116,"column":2},"end":{"line":121,"column":null}},"type":"if","locations":[{"start":{"line":116,"column":2},"end":{"line":121,"column":null}},{"start":{"line":118,"column":9},"end":{"line":121,"column":null}}],"line":116},"5":{"loc":{"start":{"line":125,"column":2},"end":{"line":128,"column":null}},"type":"if","locations":[{"start":{"line":125,"column":2},"end":{"line":128,"column":null}},{"start":{},"end":{}}],"line":125},"6":{"loc":{"start":{"line":137,"column":2},"end":{"line":139,"column":null}},"type":"if","locations":[{"start":{"line":137,"column":2},"end":{"line":139,"column":null}},{"start":{},"end":{}}],"line":137},"7":{"loc":{"start":{"line":141,"column":2},"end":{"line":143,"column":null}},"type":"if","locations":[{"start":{"line":141,"column":2},"end":{"line":143,"column":null}},{"start":{},"end":{}}],"line":141},"8":{"loc":{"start":{"line":141,"column":6},"end":{"line":141,"column":62}},"type":"binary-expr","locations":[{"start":{"line":141,"column":6},"end":{"line":141,"column":25}},{"start":{"line":141,"column":25},"end":{"line":141,"column":44}},{"start":{"line":141,"column":44},"end":{"line":141,"column":62}}],"line":141},"9":{"loc":{"start":{"line":146,"column":2},"end":{"line":148,"column":null}},"type":"if","locations":[{"start":{"line":146,"column":2},"end":{"line":148,"column":null}},{"start":{},"end":{}}],"line":146},"10":{"loc":{"start":{"line":150,"column":2},"end":{"line":155,"column":null}},"type":"if","locations":[{"start":{"line":150,"column":2},"end":{"line":155,"column":null}},{"start":{},"end":{}}],"line":150}},"s":{"0":3,"1":3,"2":3,"3":3,"4":46,"5":112,"6":46,"7":0,"8":46,"9":8,"10":8,"11":14,"12":14,"13":1,"14":13,"15":7,"16":28,"17":1,"18":27,"19":27,"20":27,"21":3,"22":3,"23":27,"24":27,"25":27,"26":24,"27":3,"28":3,"29":27,"30":27,"31":3,"32":3,"33":24,"34":69,"35":69,"36":35,"37":34,"38":5,"39":29,"40":29,"41":0,"42":29,"43":1,"44":28},"f":{"0":46,"1":112,"2":8,"3":28,"4":69},"b":{"0":[0,46],"1":[1,13],"2":[1,27],"3":[3,24],"4":[24,3],"5":[3,24],"6":[35,34],"7":[5,29],"8":[34,31,30],"9":[0,29],"10":[1,28]},"meta":{"lastBranch":11,"lastFunction":5,"lastStatement":45,"seen":{"s:4:27:4:Infinity":0,"s:7:34:7:Infinity":1,"s:10:35:10:Infinity":2,"s:21:52:64:Infinity":3,"f:66:16:66:24":0,"s:67:16:67:Infinity":4,"f:67:27:67:33":1,"s:67:40:67:62":5,"b:68:2:70:Infinity:undefined:undefined:undefined:undefined":0,"s:68:2:70:Infinity":6,"s:69:4:69:Infinity":7,"s:71:2:71:Infinity":8,"f:78:16:78:Infinity":2,"s:82:39:82:Infinity":9,"s:83:2:89:Infinity":10,"s:84:18:84:Infinity":11,"b:85:4:87:Infinity:undefined:undefined:undefined:undefined":1,"s:85:4:87:Infinity":12,"s:86:6:86:Infinity":13,"s:88:4:88:Infinity":14,"s:90:2:90:Infinity":15,"f:98:16:98:37":3,"b:99:2:101:Infinity:undefined:undefined:undefined:undefined":2,"s:99:2:101:Infinity":16,"s:100:4:100:Infinity":17,"s:103:13:103:Infinity":18,"s:104:13:104:Infinity":19,"b:105:2:108:Infinity:undefined:undefined:undefined:undefined":3,"s:105:2:108:Infinity":20,"s:106:4:106:Infinity":21,"s:107:4:107:Infinity":22,"s:110:2:110:Infinity":23,"s:112:19:112:Infinity":24,"b:116:2:121:Infinity:118:9:121:Infinity":4,"s:116:2:121:Infinity":25,"s:117:4:117:Infinity":26,"s:119:4:119:Infinity":27,"s:120:4:120:Infinity":28,"s:123:2:123:Infinity":29,"b:125:2:128:Infinity:undefined:undefined:undefined:undefined":5,"s:125:2:128:Infinity":30,"s:126:4:126:Infinity":31,"s:127:4:127:Infinity":32,"s:130:2:130:Infinity":33,"f:133:16:133:Infinity":4,"s:136:18:136:Infinity":34,"b:137:2:139:Infinity:undefined:undefined:undefined:undefined":6,"s:137:2:139:Infinity":35,"s:138:4:138:Infinity":36,"b:141:2:143:Infinity:undefined:undefined:undefined:undefined":7,"s:141:2:143:Infinity":37,"b:141:6:141:25:141:25:141:44:141:44:141:62":8,"s:142:4:142:Infinity":38,"s:145:16:145:Infinity":39,"b:146:2:148:Infinity:undefined:undefined:undefined:undefined":9,"s:146:2:148:Infinity":40,"s:147:4:147:Infinity":41,"b:150:2:155:Infinity:undefined:undefined:undefined:undefined":10,"s:150:2:155:Infinity":42,"s:151:4:154:Infinity":43,"s:157:2:157:Infinity":44},"fnNames":{}}}
}
